2023-11-18 02:14:12,323 [INFO] Activator:176 - 


2023-11-18 02:14:12,338 [INFO] Activator:177 - !SESSION log4j initialized
2023-11-18 02:14:18,673 [INFO] LogOutputStream:77 - [STDOUT_REDIRECT] 
2023-11-18 02:14:35,738 [INFO] ApplicationProperties:184 - Using Application install path: /opt/st/stm32cubeide_1.13.2/plugins/com.st.stm32cube.common.mx_6.9.2.202309101412
2023-11-18 02:14:35,882 [INFO] DbMcusXml:78 - Set database path to: /opt/st/stm32cubeide_1.13.2/plugins/com.st.stm32cube.common.mx_6.9.2.202309101412//db//mcu/
2023-11-18 02:14:35,887 [INFO] ApiDb:274 - Set plugin database path to: /opt/st/stm32cubeide_1.13.2/plugins/com.st.stm32cube.common.mx_6.9.2.202309101412//db//plugins/boardmanager/
2023-11-18 02:14:35,893 [WARN] ApiDb:259 - Overriding images path with different value:  => /opt/st/stm32cubeide_1.13.2/plugins/com.st.stm32cube.common.mx_6.9.2.202309101412//db//plugins/mcufinder/images/
2023-11-18 02:14:35,957 [INFO] ApiDb:250 - Set database path to: /home/gaurav/.stmcufinder/plugins/mcufinder//mcu/
2023-11-18 02:14:35,967 [INFO] DbMcusAds:125 - Set database path to: /home/gaurav/.stmcufinder/plugins/mcufinder//mcu/
2023-11-18 02:14:36,381 [INFO] CrossReferenceDbSqlite:203 - Set database path to: /home/gaurav/.stmcufinder/plugins/mcufinder//mcu/cs/
2023-11-18 02:14:37,371 [INFO] RulesReader:64 - Compatibility file has been processed (293 Rules)
2023-11-18 02:14:37,933 [INFO] DbMcusXml:78 - Set database path to: /opt/st/stm32cubeide_1.13.2/plugins/com.st.stm32cube.common.mx_6.9.2.202309101412//db//mcu/
2023-11-18 02:14:37,935 [INFO] ApiDb:274 - Set plugin database path to: /opt/st/stm32cubeide_1.13.2/plugins/com.st.stm32cube.common.mx_6.9.2.202309101412//db//plugins/boardmanager/
2023-11-18 02:14:37,937 [INFO] ApiDb:261 - Set plugin images path to: /opt/st/stm32cubeide_1.13.2/plugins/com.st.stm32cube.common.mx_6.9.2.202309101412//db//plugins/mcufinder/images/
2023-11-18 02:14:37,940 [WARN] DbFile:41 - Overriding database path with different value: /home/gaurav/.stmcufinder/plugins/mcufinder/ => /home/gaurav/.stmcufinder/plugins/mcufinder
2023-11-18 02:14:37,941 [INFO] ApiDb:250 - Set database path to: /home/gaurav/.stmcufinder/plugins/mcufinder//mcu/
2023-11-18 02:14:37,942 [WARN] DbFile:41 - Overriding database path with different value: /home/gaurav/.stmcufinder/plugins/mcufinder/ => /home/gaurav/.stmcufinder/plugins/mcufinder
2023-11-18 02:14:37,944 [INFO] DbMcusAds:125 - Set database path to: /home/gaurav/.stmcufinder/plugins/mcufinder//mcu/
2023-11-18 02:14:37,945 [WARN] DbFile:41 - Overriding database path with different value: /home/gaurav/.stmcufinder/plugins/mcufinder/ => /home/gaurav/.stmcufinder/plugins/mcufinder
2023-11-18 02:14:37,947 [WARN] DbFile:41 - Overriding database path with different value: /home/gaurav/.stmcufinder/plugins/mcufinder/ => /home/gaurav/.stmcufinder/plugins/mcufinder
2023-11-18 02:14:37,948 [INFO] CrossReferenceDbSqlite:203 - Set database path to: /home/gaurav/.stmcufinder/plugins/mcufinder//mcu/cs/
2023-11-18 02:14:38,390 [INFO] MainPanel:262 - HeapMemory: 268435456
2023-11-18 02:14:38,844 [INFO] DbMcusXml:78 - Set database path to: /opt/st/stm32cubeide_1.13.2/plugins/com.st.stm32cube.common.mx_6.9.2.202309101412//db//mcu/
2023-11-18 02:14:38,845 [INFO] ApiDb:274 - Set plugin database path to: /opt/st/stm32cubeide_1.13.2/plugins/com.st.stm32cube.common.mx_6.9.2.202309101412//db//plugins/boardmanager/
2023-11-18 02:14:38,845 [INFO] ApiDb:261 - Set plugin images path to: /opt/st/stm32cubeide_1.13.2/plugins/com.st.stm32cube.common.mx_6.9.2.202309101412//db//plugins/mcufinder/images/
2023-11-18 02:14:38,848 [WARN] DbFile:41 - Overriding database path with different value: /home/gaurav/.stmcufinder/plugins/mcufinder/ => /home/gaurav/.stmcufinder/plugins/mcufinder
2023-11-18 02:14:38,849 [INFO] ApiDb:250 - Set database path to: /home/gaurav/.stmcufinder/plugins/mcufinder//mcu/
2023-11-18 02:14:38,850 [WARN] DbFile:41 - Overriding database path with different value: /home/gaurav/.stmcufinder/plugins/mcufinder/ => /home/gaurav/.stmcufinder/plugins/mcufinder
2023-11-18 02:14:38,851 [INFO] DbMcusAds:125 - Set database path to: /home/gaurav/.stmcufinder/plugins/mcufinder//mcu/
2023-11-18 02:14:38,852 [WARN] DbFile:41 - Overriding database path with different value: /home/gaurav/.stmcufinder/plugins/mcufinder/ => /home/gaurav/.stmcufinder/plugins/mcufinder
2023-11-18 02:14:38,853 [WARN] DbFile:41 - Overriding database path with different value: /home/gaurav/.stmcufinder/plugins/mcufinder/ => /home/gaurav/.stmcufinder/plugins/mcufinder
2023-11-18 02:14:38,854 [INFO] CrossReferenceDbSqlite:203 - Set database path to: /home/gaurav/.stmcufinder/plugins/mcufinder//mcu/cs/
2023-11-18 02:14:38,959 [INFO] ApplicationProperties:184 - Using Application install path: /opt/st/stm32cubeide_1.13.2/plugins/com.st.stm32cube.common.mx_6.9.2.202309101412
2023-11-18 02:14:38,972 [INFO] PluginManage:196 - Search for loadable plugins [exclusion list=, ]
2023-11-18 02:14:38,980 [INFO] PluginManage:310 - Check plugin analytics
2023-11-18 02:14:40,192 [INFO] AnalyticsPlugin:253 - Accepted Software Licenses: 
2023-11-18 02:14:40,194 [INFO] AnalyticsPlugin:255 - Accepted CMSIS Pack Licenses: 
2023-11-18 02:14:40,196 [INFO] AnalyticsPlugin:257 - Accepted Firmware Licenses: 
2023-11-18 02:14:40,219 [INFO] PluginManage:359 - Loaded plugin analytics (category:tool,tabindex:-1)
2023-11-18 02:14:40,222 [INFO] PluginManage:310 - Check plugin cadmodel
2023-11-18 02:14:40,438 [INFO] CADModel:105 - Init CAD model plugin
2023-11-18 02:14:40,442 [INFO] PluginManage:359 - Loaded plugin cadmodel (category:power,tabindex:5)
2023-11-18 02:14:40,444 [INFO] PluginManage:310 - Check plugin clock
2023-11-18 02:14:40,527 [INFO] PluginManage:359 - Loaded plugin clock (category:base,tabindex:2)
2023-11-18 02:14:40,529 [INFO] PluginManage:310 - Check plugin ddr
2023-11-18 02:14:40,545 [INFO] PluginManage:359 - Loaded plugin ddr (category:tool,tabindex:6)
2023-11-18 02:14:40,548 [INFO] PluginManage:310 - Check plugin filemanager
2023-11-18 02:14:41,740 [INFO] PluginManage:359 - Loaded plugin filemanager (category:base,tabindex:10)
2023-11-18 02:14:41,742 [INFO] PluginManage:310 - Check plugin ipmanager
2023-11-18 02:14:41,801 [INFO] PluginManage:359 - Loaded plugin ipmanager (category:base,tabindex:5)
2023-11-18 02:14:41,803 [INFO] PluginManage:310 - Check plugin lpbam
2023-11-18 02:14:41,864 [INFO] PluginManage:359 - Loaded plugin lpbam (category:base,tabindex:0)
2023-11-18 02:14:41,867 [INFO] PluginManage:310 - Check plugin memorymap
2023-11-18 02:14:41,926 [INFO] PluginManage:359 - Loaded plugin memorymap (category:base,tabindex:4)
2023-11-18 02:14:41,927 [INFO] PluginManage:310 - Check plugin pinoutandconfiguration
2023-11-18 02:14:41,969 [INFO] PluginManage:359 - Loaded plugin pinoutandconfiguration (category:base,tabindex:1)
2023-11-18 02:14:41,970 [INFO] PluginManage:310 - Check plugin pinoutconfig
2023-11-18 02:14:42,453 [WARN] SupportedApi:132 - Cannot load RTOS API schema: s4s-elt-must-match.1: The content of 'definitions' must match (annotation?, (simpleType | complexType)?, (unique | key | keyref)*)). A problem was found starting at: attribute.
2023-11-18 02:14:43,350 [INFO] PluginManage:359 - Loaded plugin pinoutconfig (category:base,tabindex:0)
2023-11-18 02:14:43,352 [INFO] PluginManage:310 - Check plugin power
2023-11-18 02:14:43,404 [INFO] PluginManage:359 - Loaded plugin power (category:power,tabindex:4)
2023-11-18 02:14:43,406 [INFO] PluginManage:310 - Check plugin projectmanager
2023-11-18 02:14:43,496 [INFO] PluginManage:359 - Loaded plugin projectmanager (category:projectmanager,tabindex:3)
2023-11-18 02:14:43,497 [INFO] PluginManage:310 - Check plugin thirdparty
2023-11-18 02:14:44,420 [WARN] IntegrityCheckThread:84 - waiting for thirdparty lock release [integrity check]
2023-11-18 02:14:44,422 [INFO] PluginManage:359 - Loaded plugin thirdparty (category:base,tabindex:-1)
2023-11-18 02:14:44,422 [INFO] IntegrityCheckThread:86 - entering critical section [integrity check]
2023-11-18 02:14:44,423 [INFO] PluginManage:310 - Check plugin tools
2023-11-18 02:14:44,425 [INFO] ThirdPartyUpdaterWithRetryManager:70 - Updater plugin not ready yet. [1/15]
2023-11-18 02:14:44,436 [INFO] PluginManage:359 - Loaded plugin tools (category:base,tabindex:7)
2023-11-18 02:14:44,438 [INFO] PluginManage:310 - Check plugin tutovideos
2023-11-18 02:14:45,371 [INFO] PluginManage:359 - Loaded plugin tutovideos (category:base,tabindex:-1)
2023-11-18 02:14:45,373 [INFO] PluginManage:310 - Check plugin updater
2023-11-18 02:14:45,441 [INFO] PluginManage:359 - Loaded plugin updater (category:base,tabindex:12)
2023-11-18 02:14:45,443 [INFO] PluginManage:310 - Check plugin userauth
2023-11-18 02:14:45,474 [INFO] UserAuth:113 - Init User Auth plugin
2023-11-18 02:14:45,475 [INFO] PluginManage:359 - Loaded plugin userauth (category:base,tabindex:14)
2023-11-18 02:14:45,478 [INFO] PluginManage:283 - PluginManage : Loaded plugins [17]
2023-11-18 02:14:47,006 [INFO] PinOutPanel:1499 - setPackage(No Configuration,No Configuration)
2023-11-18 02:14:47,426 [INFO] ThirdPartyUpdaterWithRetryManager:70 - Updater plugin not ready yet. [2/15]
2023-11-18 02:14:47,500 [INFO] CADModel:165 - CPN selected for project level
2023-11-18 02:14:47,502 [INFO] CADModel:114 - Register for checkConnection events
2023-11-18 02:14:47,570 [INFO] IPUIPlugin:80 - create IPUIPlugin
2023-11-18 02:14:47,571 [INFO] PluginManager:220 - loadIPPluginJar : add i2c
2023-11-18 02:14:47,590 [INFO] IPUIPlugin:80 - create IPUIPlugin
2023-11-18 02:14:47,591 [INFO] PluginManager:220 - loadIPPluginJar : add resmgrutility
2023-11-18 02:14:47,598 [INFO] IPUIPlugin:80 - create IPUIPlugin
2023-11-18 02:14:47,599 [INFO] PluginManager:220 - loadIPPluginJar : add gfxmmu
2023-11-18 02:14:47,609 [INFO] IPUIPlugin:80 - create IPUIPlugin
2023-11-18 02:14:47,610 [INFO] PluginManager:220 - loadIPPluginJar : add usart
2023-11-18 02:14:47,624 [INFO] IPUIPlugin:80 - create IPUIPlugin
2023-11-18 02:14:47,626 [INFO] PluginManager:220 - loadIPPluginJar : add nvic
2023-11-18 02:14:47,651 [INFO] IPUIPlugin:80 - create IPUIPlugin
2023-11-18 02:14:47,652 [INFO] PluginManager:220 - loadIPPluginJar : add mdma
2023-11-18 02:14:47,658 [INFO] IPUIPlugin:80 - create IPUIPlugin
2023-11-18 02:14:47,658 [INFO] PluginManager:220 - loadIPPluginJar : add comp
2023-11-18 02:14:47,667 [INFO] IPUIPlugin:80 - create IPUIPlugin
2023-11-18 02:14:47,668 [INFO] PluginManager:220 - loadIPPluginJar : add i2s
2023-11-18 02:14:47,697 [INFO] IPUIPlugin:80 - create IPUIPlugin
2023-11-18 02:14:47,698 [INFO] PluginManager:220 - loadIPPluginJar : add linkedlist
2023-11-18 02:14:47,708 [INFO] IPUIPlugin:80 - create IPUIPlugin
2023-11-18 02:14:47,709 [INFO] PluginManager:220 - loadIPPluginJar : add can
2023-11-18 02:14:47,715 [INFO] IPUIPlugin:80 - create IPUIPlugin
2023-11-18 02:14:47,716 [INFO] PluginManager:220 - loadIPPluginJar : add tim
2023-11-18 02:14:47,723 [INFO] IPUIPlugin:80 - create IPUIPlugin
2023-11-18 02:14:47,724 [INFO] PluginManager:220 - loadIPPluginJar : add ts
2023-11-18 02:14:47,731 [INFO] IPUIPlugin:80 - create IPUIPlugin
2023-11-18 02:14:47,732 [INFO] PluginManager:220 - loadIPPluginJar : add tracer_emb
2023-11-18 02:14:47,741 [INFO] IPUIPlugin:80 - create IPUIPlugin
2023-11-18 02:14:47,742 [INFO] PluginManager:220 - loadIPPluginJar : add spi
2023-11-18 02:14:47,751 [INFO] IPUIPlugin:80 - create IPUIPlugin
2023-11-18 02:14:47,752 [INFO] PluginManager:220 - loadIPPluginJar : add cryp
2023-11-18 02:14:47,758 [INFO] IPUIPlugin:80 - create IPUIPlugin
2023-11-18 02:14:47,759 [INFO] PluginManager:220 - loadIPPluginJar : add tsc
2023-11-18 02:14:47,765 [INFO] IPUIPlugin:80 - create IPUIPlugin
2023-11-18 02:14:47,766 [INFO] PluginManager:220 - loadIPPluginJar : add fatfs
2023-11-18 02:14:47,791 [INFO] IPUIPlugin:80 - create IPUIPlugin
2023-11-18 02:14:47,809 [INFO] PluginManager:220 - loadIPPluginJar : add plateformsettings
2023-11-18 02:14:47,820 [INFO] IPUIPlugin:80 - create IPUIPlugin
2023-11-18 02:14:47,821 [INFO] PluginManager:220 - loadIPPluginJar : add hash
2023-11-18 02:14:47,827 [INFO] IPUIPlugin:80 - create IPUIPlugin
2023-11-18 02:14:47,828 [INFO] PluginManager:220 - loadIPPluginJar : add quadspi
2023-11-18 02:14:47,839 [INFO] IPUIPlugin:80 - create IPUIPlugin
2023-11-18 02:14:47,840 [INFO] PluginManager:220 - loadIPPluginJar : add ipddr
2023-11-18 02:14:47,861 [INFO] IPUIPlugin:80 - create IPUIPlugin
2023-11-18 02:14:47,862 [INFO] PluginManager:220 - loadIPPluginJar : add gic
2023-11-18 02:14:47,872 [INFO] IPUIPlugin:80 - create IPUIPlugin
2023-11-18 02:14:47,873 [INFO] PluginManager:220 - loadIPPluginJar : add i3c
2023-11-18 02:14:47,884 [INFO] IPUIPlugin:80 - create IPUIPlugin
2023-11-18 02:14:47,885 [INFO] PluginManager:220 - loadIPPluginJar : add openamp
2023-11-18 02:14:47,906 [INFO] IPUIPlugin:80 - create IPUIPlugin
2023-11-18 02:14:47,907 [INFO] PluginManager:220 - loadIPPluginJar : add stm32_wpan
2023-11-18 02:14:47,917 [INFO] IPUIPlugin:80 - create IPUIPlugin
2023-11-18 02:14:47,918 [INFO] PluginManager:220 - loadIPPluginJar : add usbx
2023-11-18 02:14:47,927 [INFO] IPUIPlugin:80 - create IPUIPlugin
2023-11-18 02:14:47,928 [INFO] PluginManager:220 - loadIPPluginJar : add dfsdm
2023-11-18 02:14:47,935 [INFO] IPUIPlugin:80 - create IPUIPlugin
2023-11-18 02:14:47,936 [INFO] PluginManager:220 - loadIPPluginJar : add ucpd
2023-11-18 02:14:47,945 [INFO] IPUIPlugin:80 - create IPUIPlugin
2023-11-18 02:14:47,946 [INFO] PluginManager:220 - loadIPPluginJar : add lorawan
2023-11-18 02:14:47,958 [INFO] IPUIPlugin:80 - create IPUIPlugin
2023-11-18 02:14:47,958 [INFO] PluginManager:220 - loadIPPluginJar : add touchsensing
2023-11-18 02:14:47,968 [INFO] IPUIPlugin:80 - create IPUIPlugin
2023-11-18 02:14:47,969 [INFO] PluginManager:220 - loadIPPluginJar : add dma3
2023-11-18 02:14:47,981 [INFO] IPUIPlugin:80 - create IPUIPlugin
2023-11-18 02:14:47,982 [INFO] PluginManager:220 - loadIPPluginJar : add sai
2023-11-18 02:14:48,003 [INFO] IPUIPlugin:80 - create IPUIPlugin
2023-11-18 02:14:48,004 [INFO] PluginManager:220 - loadIPPluginJar : add freertos
2023-11-18 02:14:48,015 [INFO] IPUIPlugin:80 - create IPUIPlugin
2023-11-18 02:14:48,016 [INFO] PluginManager:220 - loadIPPluginJar : add opamp
2023-11-18 02:14:48,032 [INFO] IPUIPlugin:80 - create IPUIPlugin
2023-11-18 02:14:48,033 [INFO] PluginManager:220 - loadIPPluginJar : add fmc
2023-11-18 02:14:48,038 [INFO] IPUIPlugin:80 - create IPUIPlugin
2023-11-18 02:14:48,039 [INFO] PluginManager:220 - loadIPPluginJar : add ltdc
2023-11-18 02:14:48,062 [INFO] IPUIPlugin:80 - create IPUIPlugin
2023-11-18 02:14:48,063 [INFO] PluginManager:220 - loadIPPluginJar : add dma
2023-11-18 02:14:48,073 [INFO] IPUIPlugin:80 - create IPUIPlugin
2023-11-18 02:14:48,073 [INFO] PluginManager:220 - loadIPPluginJar : add aes
2023-11-18 02:14:48,089 [INFO] IPUIPlugin:80 - create IPUIPlugin
2023-11-18 02:14:48,090 [INFO] PluginManager:220 - loadIPPluginJar : add gpio
2023-11-18 02:14:48,099 [INFO] IPUIPlugin:80 - create IPUIPlugin
2023-11-18 02:14:48,100 [INFO] PluginManager:220 - loadIPPluginJar : add gtzc
2023-11-18 02:14:48,110 [INFO] IPUIPlugin:80 - create IPUIPlugin
2023-11-18 02:14:48,111 [INFO] PluginManager:220 - loadIPPluginJar : add pdm2pcm
2023-11-18 02:14:48,116 [INFO] IPUIPlugin:80 - create IPUIPlugin
2023-11-18 02:14:48,117 [INFO] PluginManager:220 - loadIPPluginJar : add genericplugin
2023-11-18 02:14:48,140 [INFO] IPUIPlugin:80 - create IPUIPlugin
2023-11-18 02:14:48,141 [INFO] PluginManager:220 - loadIPPluginJar : add adc
2023-11-18 02:14:48,424 [INFO] CADModel:165 - CPN selected for project level
2023-11-18 02:14:48,425 [INFO] CADModel:114 - Register for checkConnection events
2023-11-18 02:14:48,429 [FATAL] Updater:308 - Updater called before beeing initialized
2023-11-18 02:14:48,430 [ERROR] CADModel:125 - Updater not yet initialized, retry later 
2023-11-18 02:14:49,105 [INFO] CADModel:165 - CPN selected for project level
2023-11-18 02:14:49,105 [INFO] CADModel:114 - Register for checkConnection events
2023-11-18 02:14:49,106 [FATAL] Updater:308 - Updater called before beeing initialized
2023-11-18 02:14:49,107 [ERROR] CADModel:125 - Updater not yet initialized, retry later 
2023-11-18 02:14:49,123 [FATAL] Updater:308 - Updater called before beeing initialized
2023-11-18 02:14:49,573 [FATAL] Updater:308 - Updater called before beeing initialized
2023-11-18 02:14:49,601 [INFO] DbMcusAds:53 - JSON generation date=Tue Mar 07 14:20:55 IST 2023 (1678179055114)
2023-11-18 02:14:49,602 [FATAL] Updater:308 - Updater called before beeing initialized
2023-11-18 02:14:49,846 [WARN] DetailPanel:346 - Failed to get advertising image, set to default
2023-11-18 02:14:50,428 [INFO] ThirdPartyUpdaterWithRetryManager:70 - Updater plugin not ready yet. [3/15]
2023-11-18 02:14:50,595 [FATAL] Updater:308 - Updater called before beeing initialized
2023-11-18 02:14:50,604 [FATAL] Updater:308 - Updater called before beeing initialized
2023-11-18 02:14:50,605 [FATAL] Updater:308 - Updater called before beeing initialized
2023-11-18 02:14:50,607 [WARN] DetailPanel:346 - Failed to get advertising image, set to default
2023-11-18 02:14:50,615 [FATAL] Updater:308 - Updater called before beeing initialized
2023-11-18 02:14:50,929 [ERROR] Updater:1120 - MainUpdater not yet initialized. External WinMGr cannot be set.
2023-11-18 02:14:50,944 [INFO] Updater:1056 - Updater Version found : 6.9.2
2023-11-18 02:14:51,071 [INFO] ApplicationProperties:184 - Using Application install path: /opt/st/stm32cubeide_1.13.2/plugins/com.st.stm32cube.common.mx_6.9.2.202309101412
2023-11-18 02:14:51,897 [INFO] MainUpdater:2868 - connection check result : 10
2023-11-18 02:14:51,901 [INFO] MainUpdater:285 - Updater Check For Update Now.
2023-11-18 02:14:51,902 [INFO] MicroXplorer:498 - Change Database Version : DB.6.0.92
2023-11-18 02:14:51,938 [INFO] McuFinderGlobals:63 - Set McuFinder mode to 2 (CubeIDE integrated)
2023-11-18 02:14:51,940 [INFO] UserAuth:179 - activating auth plugin
2023-11-18 02:14:51,976 [INFO] UserAuth:393 - Internet connection configuration mode: 1
2023-11-18 02:14:52,052 [INFO] JxBrowserEngine:151 - Initiate JxBrowser Engine with user profile folder
2023-11-18 02:14:52,853 [INFO] CheckServerUpdateThread:120 - End of CheckServer Thread
2023-11-18 02:14:54,157 [WARN] PackLoader:240 - Cannot read IP mode file for STMicroelectronics.X-CUBE-SMBUS.2.1.0
2023-11-18 02:14:54,481 [WARN] PackLoader:240 - Cannot read IP mode file for STMicroelectronics.X-CUBE-AZRTOS-F7.1.1.0
2023-11-18 02:14:54,670 [WARN] PackLoader:240 - Cannot read IP mode file for STMicroelectronics.FP-SNS-MOTENV1.4.3.2
2023-11-18 02:14:54,739 [WARN] PackLoader:240 - Cannot read IP mode file for STMicroelectronics.FP-SNS-FLIGHT1.5.0.2
2023-11-18 02:14:54,833 [WARN] PackLoader:240 - Cannot read IP mode file for STMicroelectronics.X-CUBE-DISPLAY.3.0.0
2023-11-18 02:14:54,959 [WARN] PackLoader:240 - Cannot read IP mode file for STMicroelectronics.X-CUBE-BLE1.7.0.0
2023-11-18 02:14:55,008 [WARN] PackLoader:240 - Cannot read IP mode file for emotas.I-CUBE-CANOPEN.1.3.0
2023-11-18 02:14:55,035 [WARN] PackLoader:240 - Cannot read IP mode file for STMicroelectronics.X-CUBE-TOUCHGFX.4.22.1
2023-11-18 02:14:55,074 [WARN] PackLoader:240 - Cannot read IP mode file for STMicroelectronics.FP-SNS-SMARTAG2.1.2.0
2023-11-18 02:14:55,203 [INFO] LogOutputStream:77 - [STDOUT_REDIRECT] 1 : Invalid condition id : UX_CORESTACK_Condition cause : null
2023-11-18 02:14:55,208 [INFO] LogOutputStream:77 - [STDOUT_REDIRECT] 1 : Invalid condition id : UX_CORESTACK_Condition cause : null
2023-11-18 02:14:55,211 [INFO] LogOutputStream:77 - [STDOUT_REDIRECT] 1 : Invalid condition id : UX_CORESTACK_Condition cause : null
2023-11-18 02:14:55,213 [INFO] LogOutputStream:77 - [STDOUT_REDIRECT] 1 : Invalid condition id : UX_CORESTACK_Condition cause : null
2023-11-18 02:14:55,216 [INFO] LogOutputStream:77 - [STDOUT_REDIRECT] 1 : Invalid condition id : UX_CORESTACK_Condition cause : null
2023-11-18 02:14:55,278 [WARN] PackLoader:240 - Cannot read IP mode file for STMicroelectronics.X-CUBE-AZRTOS-WL.2.0.0
2023-11-18 02:14:55,366 [WARN] PackLoader:240 - Cannot read IP mode file for WES.I-CUBE-Cesium.1.3.0
2023-11-18 02:14:55,417 [WARN] PackLoader:240 - Cannot read IP mode file for STMicroelectronics.X-CUBE-BLE2.3.3.0
2023-11-18 02:14:55,500 [WARN] PackLoader:240 - Cannot read IP mode file for STMicroelectronics.X-CUBE-ALGOBUILD.1.3.0
2023-11-18 02:14:55,843 [WARN] PackLoader:240 - Cannot read IP mode file for STMicroelectronics.X-CUBE-AZRTOS-G0.1.1.0
2023-11-18 02:14:55,962 [WARN] PackLoader:240 - Cannot read IP mode file for STMicroelectronics.X-CUBE-NFC4.3.0.0
2023-11-18 02:14:56,109 [WARN] PackLoader:240 - Cannot read IP mode file for STMicroelectronics.X-CUBE-BLEMGR.3.0.0
2023-11-18 02:14:56,205 [WARN] PackLoader:240 - Cannot read IP mode file for STMicroelectronics.FP-ATR-SIGFOX1.3.2.0
2023-11-18 02:14:56,838 [WARN] PackLoader:240 - Cannot read IP mode file for SEGGER.I-CUBE-embOS.1.3.1
2023-11-18 02:14:57,352 [WARN] PackLoader:240 - Cannot read IP mode file for STMicroelectronics.X-CUBE-GNSS1.6.0.0
2023-11-18 02:14:57,522 [WARN] PackLoader:240 - Cannot read IP mode file for STMicroelectronics.X-CUBE-AZRTOS-F4.1.1.0
2023-11-18 02:14:57,540 [INFO] WebApp:157 - Instantiating new browser for Auth
2023-11-18 02:14:57,564 [WARN] PackLoader:240 - Cannot read IP mode file for wolfSSL.I-CUBE-wolfSSL.5.6.3
2023-11-18 02:14:57,738 [WARN] PackLoader:240 - Cannot read IP mode file for STMicroelectronics.X-CUBE-AZRTOS-L5.2.0.0
2023-11-18 02:14:58,254 [WARN] PackLoader:240 - Cannot read IP mode file for STMicroelectronics.X-CUBE-MEMS1.9.6.0
2023-11-18 02:15:00,269 [WARN] PackLoader:240 - Cannot read IP mode file for STMicroelectronics.X-CUBE-EEPRMA1.4.2.0
2023-11-18 02:15:00,314 [WARN] PackLoader:240 - Cannot read IP mode file for ITTIA_DB.I-CUBE-ITTIADB.8.8.0
2023-11-18 02:15:00,418 [WARN] PackLoader:240 - Cannot read IP mode file for STMicroelectronics.X-CUBE-BLEMGR.2.0.0
2023-11-18 02:15:00,697 [WARN] ConditionMgr:438 - getConditionDescription Invalid condition id : UX DEVICE CLASS RTOS Condition cause : null
2023-11-18 02:15:00,700 [WARN] ConditionMgr:438 - getConditionDescription Invalid condition id : UX DEVICE CLASS RTOS Condition cause : null
2023-11-18 02:15:00,755 [WARN] PackLoader:240 - Cannot read IP mode file for STMicroelectronics.X-CUBE-AZRTOS-H7.3.1.0
2023-11-18 02:15:00,772 [WARN] ConditionMgr:1039 - genDependencies : Invalid condition id : UX DEVICE CLASS RTOS Condition cause : null
2023-11-18 02:15:00,775 [WARN] ConditionMgr:1039 - genDependencies : Invalid condition id : UX DEVICE CLASS RTOS Condition cause : null
2023-11-18 02:15:00,786 [WARN] ConditionMgr:1039 - genDependencies : Invalid condition id : UX DEVICE CLASS RTOS Condition cause : null
2023-11-18 02:15:00,794 [WARN] ConditionMgr:1039 - genDependencies : Invalid condition id : UX DEVICE CLASS RTOS Condition cause : null
2023-11-18 02:15:00,796 [WARN] ConditionMgr:1039 - genDependencies : Invalid condition id : UX DEVICE CLASS RTOS Condition cause : null
2023-11-18 02:15:00,901 [WARN] PackLoader:240 - Cannot read IP mode file for STMicroelectronics.X-CUBE-NFC7.1.0.1
2023-11-18 02:15:00,980 [WARN] PackLoader:240 - Cannot read IP mode file for STMicroelectronics.X-CUBE-NFC6.3.0.0
2023-11-18 02:15:01,117 [WARN] PackLoader:240 - Cannot read IP mode file for STMicroelectronics.X-CUBE-EEPRMA1.4.1.0
2023-11-18 02:15:01,157 [WARN] PackLoader:240 - Cannot read IP mode file for STMicroelectronics.X-CUBE-AI.8.1.0
2023-11-18 02:15:01,355 [WARN] ConditionMgr:438 - getConditionDescription Invalid condition id : LAN8742 Phy interface Condition cause : null
2023-11-18 02:15:01,361 [WARN] PackLoader:240 - Cannot read IP mode file for STMicroelectronics.X-CUBE-AZRTOS-L4.2.0.0
2023-11-18 02:15:01,378 [WARN] ConditionMgr:1039 - genDependencies : Invalid condition id : LAN8742 Phy interface Condition cause : null
2023-11-18 02:15:01,381 [WARN] ConditionMgr:1039 - genDependencies : Invalid condition id : LAN8742 Phy interface Condition cause : null
2023-11-18 02:15:01,389 [WARN] ConditionMgr:1039 - genDependencies : Invalid condition id : LAN8742 Phy interface Condition cause : null
2023-11-18 02:15:01,449 [WARN] PackLoader:240 - Cannot read IP mode file for STMicroelectronics.X-CUBE-SFXS2LP1.4.0.0
2023-11-18 02:15:01,483 [WARN] PackLoader:240 - Cannot read IP mode file for STMicroelectronics.X-CUBE-ISPU.1.1.0
2023-11-18 02:15:01,590 [WARN] ConditionMgr:438 - getConditionDescription Invalid condition id : UX DEVICE CLASS RTOS Condition cause : null
2023-11-18 02:15:01,594 [WARN] ConditionMgr:438 - getConditionDescription Invalid condition id : UX DEVICE CLASS RTOS Condition cause : null
2023-11-18 02:15:01,621 [WARN] PackLoader:240 - Cannot read IP mode file for STMicroelectronics.X-CUBE-AZRTOS-WB.2.0.0
2023-11-18 02:15:01,627 [WARN] ConditionMgr:1039 - genDependencies : Invalid condition id : UX DEVICE CLASS RTOS Condition cause : null
2023-11-18 02:15:01,630 [WARN] ConditionMgr:1039 - genDependencies : Invalid condition id : UX DEVICE CLASS RTOS Condition cause : null
2023-11-18 02:15:01,636 [WARN] ConditionMgr:1039 - genDependencies : Invalid condition id : UX DEVICE CLASS RTOS Condition cause : null
2023-11-18 02:15:01,641 [WARN] ConditionMgr:1039 - genDependencies : Invalid condition id : UX DEVICE CLASS RTOS Condition cause : null
2023-11-18 02:15:01,643 [WARN] ConditionMgr:1039 - genDependencies : Invalid condition id : UX DEVICE CLASS RTOS Condition cause : null
2023-11-18 02:15:01,747 [WARN] PackLoader:240 - Cannot read IP mode file for STMicroelectronics.X-CUBE-SUBG2.5.0.0
2023-11-18 02:15:01,889 [WARN] PackLoader:240 - Cannot read IP mode file for STMicroelectronics.X-CUBE-TOF1.3.3.1
2023-11-18 02:15:02,022 [INFO] WebApp:753 - Register for checkConnection events
2023-11-18 02:15:02,024 [INFO] WebApp:390 - Apply proxy settings
2023-11-18 02:15:02,025 [INFO] WebApp:475 - Chromium requires no authentication
2023-11-18 02:15:02,048 [WARN] PackLoader:240 - Cannot read IP mode file for STMicroelectronics.X-CUBE-AZRTOS-G4.2.0.0
2023-11-18 02:15:02,078 [INFO] WebApp:418 - Direct internet connection detected
2023-11-18 02:15:02,123 [WARN] PackLoader:240 - Cannot read IP mode file for Infineon.AIROC-Wi-Fi-Bluetooth-STM32.1.5.1
2023-11-18 02:15:02,158 [WARN] PackLoader:240 - Cannot read IP mode file for STMicroelectronics.FP-SNS-MOTENVWB1.1.3.0
2023-11-18 02:15:02,425 [WARN] PackLoader:240 - Cannot read IP mode file for STMicroelectronics.X-CUBE-MEMS1.10.0.0
2023-11-18 02:15:03,325 [WARN] PackLoader:240 - Cannot read IP mode file for STMicroelectronics.X-CUBE-FREERTOS.1.1.0
2023-11-18 02:15:03,341 [INFO] WebApp:188 - Starting web application
2023-11-18 02:15:03,342 [INFO] WebApp:520 - Web application path used /opt/st/stm32cubeide_1.13.2/plugins/com.st.stm32cube.common.mx_6.9.2.202309101412/db/plugins/mcufinder/reactClient1/index.html
2023-11-18 02:15:03,350 [WARN] PackLoader:240 - Cannot read IP mode file for portGmbH.I-Cube-SoM-uGOAL.1.1.0
2023-11-18 02:15:03,367 [WARN] PackLoader:240 - Cannot read IP mode file for STMicroelectronics.X-CUBE-ALS.1.0.1
2023-11-18 02:15:03,387 [WARN] PackLoader:240 - Cannot read IP mode file for STMicroelectronics.FP-ATR-ASTRA1.2.0.0
2023-11-18 02:15:03,391 [INFO] ThirdParty:978 - Integrity check success = true
2023-11-18 02:15:03,392 [INFO] IntegrityCheckThread:100 - exiting critical section [integrity check]
2023-11-18 02:15:03,393 [INFO] IntegrityCheckThread:103 - End integrity checks thread
2023-11-18 02:15:25,607 [ERROR] LogOutputStream:75 - [STDERR_REDIRECT] SLF4J: Failed to load class "org.slf4j.impl.StaticLoggerBinder".
2023-11-18 02:15:25,613 [ERROR] LogOutputStream:75 - [STDERR_REDIRECT] SLF4J: Defaulting to no-operation (NOP) logger implementation
2023-11-18 02:15:25,615 [ERROR] LogOutputStream:75 - [STDERR_REDIRECT] SLF4J: See http://www.slf4j.org/codes.html#StaticLoggerBinder for further details.
2023-11-18 02:48:47,000 [INFO] McuFinderGlobals:63 - Set McuFinder mode to 2 (CubeIDE integrated)
2023-11-18 02:48:47,005 [INFO] UserAuth:179 - activating auth plugin
2023-11-18 02:48:47,025 [INFO] UserAuth:393 - Internet connection configuration mode: 1
2023-11-18 02:57:44,491 [INFO] WebApp:588 - userauth.ini deleted or not created
