2023-11-18 03:16:15,626 [INFO] Activator:176 - 


2023-11-18 03:16:15,636 [INFO] Activator:177 - !SESSION log4j initialized
2023-11-18 03:16:22,052 [INFO] LogOutputStream:77 - [STDOUT_REDIRECT] 
2023-11-18 03:16:37,797 [INFO] ApplicationProperties:184 - Using Application install path: /opt/st/stm32cubeide_1.13.2/plugins/com.st.stm32cube.common.mx_6.9.2.202309101412
2023-11-18 03:16:37,902 [INFO] DbMcusXml:78 - Set database path to: /opt/st/stm32cubeide_1.13.2/plugins/com.st.stm32cube.common.mx_6.9.2.202309101412//db//mcu/
2023-11-18 03:16:37,905 [INFO] ApiDb:274 - Set plugin database path to: /opt/st/stm32cubeide_1.13.2/plugins/com.st.stm32cube.common.mx_6.9.2.202309101412//db//plugins/boardmanager/
2023-11-18 03:16:37,909 [WARN] ApiDb:259 - Overriding images path with different value:  => /opt/st/stm32cubeide_1.13.2/plugins/com.st.stm32cube.common.mx_6.9.2.202309101412//db//plugins/mcufinder/images/
2023-11-18 03:16:37,950 [INFO] ApiDb:250 - Set database path to: /home/gaurav/.stmcufinder/plugins/mcufinder//mcu/
2023-11-18 03:16:37,957 [INFO] DbMcusAds:125 - Set database path to: /home/gaurav/.stmcufinder/plugins/mcufinder//mcu/
2023-11-18 03:16:38,498 [INFO] CrossReferenceDbSqlite:203 - Set database path to: /home/gaurav/.stmcufinder/plugins/mcufinder//mcu/cs/
2023-11-18 03:16:39,651 [INFO] RulesReader:64 - Compatibility file has been processed (293 Rules)
2023-11-18 03:16:40,242 [INFO] DbMcusXml:78 - Set database path to: /opt/st/stm32cubeide_1.13.2/plugins/com.st.stm32cube.common.mx_6.9.2.202309101412//db//mcu/
2023-11-18 03:16:40,244 [INFO] ApiDb:274 - Set plugin database path to: /opt/st/stm32cubeide_1.13.2/plugins/com.st.stm32cube.common.mx_6.9.2.202309101412//db//plugins/boardmanager/
2023-11-18 03:16:40,246 [INFO] ApiDb:261 - Set plugin images path to: /opt/st/stm32cubeide_1.13.2/plugins/com.st.stm32cube.common.mx_6.9.2.202309101412//db//plugins/mcufinder/images/
2023-11-18 03:16:40,251 [WARN] DbFile:41 - Overriding database path with different value: /home/gaurav/.stmcufinder/plugins/mcufinder/ => /home/gaurav/.stmcufinder/plugins/mcufinder
2023-11-18 03:16:40,252 [INFO] ApiDb:250 - Set database path to: /home/gaurav/.stmcufinder/plugins/mcufinder//mcu/
2023-11-18 03:16:40,254 [WARN] DbFile:41 - Overriding database path with different value: /home/gaurav/.stmcufinder/plugins/mcufinder/ => /home/gaurav/.stmcufinder/plugins/mcufinder
2023-11-18 03:16:40,256 [INFO] DbMcusAds:125 - Set database path to: /home/gaurav/.stmcufinder/plugins/mcufinder//mcu/
2023-11-18 03:16:40,258 [WARN] DbFile:41 - Overriding database path with different value: /home/gaurav/.stmcufinder/plugins/mcufinder/ => /home/gaurav/.stmcufinder/plugins/mcufinder
2023-11-18 03:16:40,260 [WARN] DbFile:41 - Overriding database path with different value: /home/gaurav/.stmcufinder/plugins/mcufinder/ => /home/gaurav/.stmcufinder/plugins/mcufinder
2023-11-18 03:16:40,262 [INFO] CrossReferenceDbSqlite:203 - Set database path to: /home/gaurav/.stmcufinder/plugins/mcufinder//mcu/cs/
2023-11-18 03:16:40,740 [INFO] MainPanel:262 - HeapMemory: 268435456
2023-11-18 03:16:41,193 [INFO] DbMcusXml:78 - Set database path to: /opt/st/stm32cubeide_1.13.2/plugins/com.st.stm32cube.common.mx_6.9.2.202309101412//db//mcu/
2023-11-18 03:16:41,194 [INFO] ApiDb:274 - Set plugin database path to: /opt/st/stm32cubeide_1.13.2/plugins/com.st.stm32cube.common.mx_6.9.2.202309101412//db//plugins/boardmanager/
2023-11-18 03:16:41,196 [INFO] ApiDb:261 - Set plugin images path to: /opt/st/stm32cubeide_1.13.2/plugins/com.st.stm32cube.common.mx_6.9.2.202309101412//db//plugins/mcufinder/images/
2023-11-18 03:16:41,198 [WARN] DbFile:41 - Overriding database path with different value: /home/gaurav/.stmcufinder/plugins/mcufinder/ => /home/gaurav/.stmcufinder/plugins/mcufinder
2023-11-18 03:16:41,199 [INFO] ApiDb:250 - Set database path to: /home/gaurav/.stmcufinder/plugins/mcufinder//mcu/
2023-11-18 03:16:41,200 [WARN] DbFile:41 - Overriding database path with different value: /home/gaurav/.stmcufinder/plugins/mcufinder/ => /home/gaurav/.stmcufinder/plugins/mcufinder
2023-11-18 03:16:41,201 [INFO] DbMcusAds:125 - Set database path to: /home/gaurav/.stmcufinder/plugins/mcufinder//mcu/
2023-11-18 03:16:41,201 [WARN] DbFile:41 - Overriding database path with different value: /home/gaurav/.stmcufinder/plugins/mcufinder/ => /home/gaurav/.stmcufinder/plugins/mcufinder
2023-11-18 03:16:41,202 [WARN] DbFile:41 - Overriding database path with different value: /home/gaurav/.stmcufinder/plugins/mcufinder/ => /home/gaurav/.stmcufinder/plugins/mcufinder
2023-11-18 03:16:41,203 [INFO] CrossReferenceDbSqlite:203 - Set database path to: /home/gaurav/.stmcufinder/plugins/mcufinder//mcu/cs/
2023-11-18 03:16:41,300 [INFO] ApplicationProperties:184 - Using Application install path: /opt/st/stm32cubeide_1.13.2/plugins/com.st.stm32cube.common.mx_6.9.2.202309101412
2023-11-18 03:16:41,312 [INFO] PluginManage:196 - Search for loadable plugins [exclusion list=, ]
2023-11-18 03:16:41,318 [INFO] PluginManage:310 - Check plugin analytics
2023-11-18 03:16:42,399 [INFO] AnalyticsPlugin:253 - Accepted Software Licenses: 
2023-11-18 03:16:42,400 [INFO] AnalyticsPlugin:255 - Accepted CMSIS Pack Licenses: 
2023-11-18 03:16:42,402 [INFO] AnalyticsPlugin:257 - Accepted Firmware Licenses: 
2023-11-18 03:16:42,418 [INFO] PluginManage:359 - Loaded plugin analytics (category:tool,tabindex:-1)
2023-11-18 03:16:42,420 [INFO] PluginManage:310 - Check plugin cadmodel
2023-11-18 03:16:42,591 [INFO] CADModel:105 - Init CAD model plugin
2023-11-18 03:16:42,593 [INFO] PluginManage:359 - Loaded plugin cadmodel (category:power,tabindex:5)
2023-11-18 03:16:42,595 [INFO] PluginManage:310 - Check plugin clock
2023-11-18 03:16:42,652 [INFO] PluginManage:359 - Loaded plugin clock (category:base,tabindex:2)
2023-11-18 03:16:42,654 [INFO] PluginManage:310 - Check plugin ddr
2023-11-18 03:16:42,667 [INFO] PluginManage:359 - Loaded plugin ddr (category:tool,tabindex:6)
2023-11-18 03:16:42,668 [INFO] PluginManage:310 - Check plugin filemanager
2023-11-18 03:16:43,362 [INFO] PluginManage:359 - Loaded plugin filemanager (category:base,tabindex:10)
2023-11-18 03:16:43,363 [INFO] PluginManage:310 - Check plugin ipmanager
2023-11-18 03:16:43,389 [INFO] PluginManage:359 - Loaded plugin ipmanager (category:base,tabindex:5)
2023-11-18 03:16:43,390 [INFO] PluginManage:310 - Check plugin lpbam
2023-11-18 03:16:43,431 [INFO] PluginManage:359 - Loaded plugin lpbam (category:base,tabindex:0)
2023-11-18 03:16:43,433 [INFO] PluginManage:310 - Check plugin memorymap
2023-11-18 03:16:43,497 [INFO] PluginManage:359 - Loaded plugin memorymap (category:base,tabindex:4)
2023-11-18 03:16:43,499 [INFO] PluginManage:310 - Check plugin pinoutandconfiguration
2023-11-18 03:16:43,533 [INFO] PluginManage:359 - Loaded plugin pinoutandconfiguration (category:base,tabindex:1)
2023-11-18 03:16:43,534 [INFO] PluginManage:310 - Check plugin pinoutconfig
2023-11-18 03:16:44,073 [WARN] SupportedApi:132 - Cannot load RTOS API schema: s4s-elt-must-match.1: The content of 'definitions' must match (annotation?, (simpleType | complexType)?, (unique | key | keyref)*)). A problem was found starting at: attribute.
2023-11-18 03:16:45,211 [INFO] PluginManage:359 - Loaded plugin pinoutconfig (category:base,tabindex:0)
2023-11-18 03:16:45,213 [INFO] PluginManage:310 - Check plugin power
2023-11-18 03:16:45,272 [INFO] PluginManage:359 - Loaded plugin power (category:power,tabindex:4)
2023-11-18 03:16:45,275 [INFO] PluginManage:310 - Check plugin projectmanager
2023-11-18 03:16:45,394 [INFO] PluginManage:359 - Loaded plugin projectmanager (category:projectmanager,tabindex:3)
2023-11-18 03:16:45,395 [INFO] PluginManage:310 - Check plugin thirdparty
2023-11-18 03:16:46,371 [INFO] PluginManage:359 - Loaded plugin thirdparty (category:base,tabindex:-1)
2023-11-18 03:16:46,370 [WARN] IntegrityCheckThread:84 - waiting for thirdparty lock release [integrity check]
2023-11-18 03:16:46,373 [INFO] PluginManage:310 - Check plugin tools
2023-11-18 03:16:46,373 [INFO] IntegrityCheckThread:86 - entering critical section [integrity check]
2023-11-18 03:16:46,376 [INFO] ThirdPartyUpdaterWithRetryManager:70 - Updater plugin not ready yet. [1/15]
2023-11-18 03:16:46,384 [INFO] PluginManage:359 - Loaded plugin tools (category:base,tabindex:7)
2023-11-18 03:16:46,385 [INFO] PluginManage:310 - Check plugin tutovideos
2023-11-18 03:16:47,282 [INFO] PluginManage:359 - Loaded plugin tutovideos (category:base,tabindex:-1)
2023-11-18 03:16:47,283 [INFO] PluginManage:310 - Check plugin updater
2023-11-18 03:16:47,329 [INFO] PluginManage:359 - Loaded plugin updater (category:base,tabindex:12)
2023-11-18 03:16:47,330 [INFO] PluginManage:310 - Check plugin userauth
2023-11-18 03:16:47,354 [INFO] UserAuth:113 - Init User Auth plugin
2023-11-18 03:16:47,355 [INFO] PluginManage:359 - Loaded plugin userauth (category:base,tabindex:14)
2023-11-18 03:16:47,357 [INFO] PluginManage:283 - PluginManage : Loaded plugins [17]
2023-11-18 03:16:48,291 [INFO] PinOutPanel:1499 - setPackage(No Configuration,No Configuration)
2023-11-18 03:16:48,742 [INFO] CADModel:165 - CPN selected for project level
2023-11-18 03:16:48,744 [INFO] CADModel:114 - Register for checkConnection events
2023-11-18 03:16:48,801 [INFO] IPUIPlugin:80 - create IPUIPlugin
2023-11-18 03:16:48,803 [INFO] PluginManager:220 - loadIPPluginJar : add i2c
2023-11-18 03:16:48,822 [INFO] IPUIPlugin:80 - create IPUIPlugin
2023-11-18 03:16:48,823 [INFO] PluginManager:220 - loadIPPluginJar : add resmgrutility
2023-11-18 03:16:48,831 [INFO] IPUIPlugin:80 - create IPUIPlugin
2023-11-18 03:16:48,832 [INFO] PluginManager:220 - loadIPPluginJar : add gfxmmu
2023-11-18 03:16:48,846 [INFO] IPUIPlugin:80 - create IPUIPlugin
2023-11-18 03:16:48,847 [INFO] PluginManager:220 - loadIPPluginJar : add usart
2023-11-18 03:16:48,867 [INFO] IPUIPlugin:80 - create IPUIPlugin
2023-11-18 03:16:48,869 [INFO] PluginManager:220 - loadIPPluginJar : add nvic
2023-11-18 03:16:48,902 [INFO] IPUIPlugin:80 - create IPUIPlugin
2023-11-18 03:16:48,903 [INFO] PluginManager:220 - loadIPPluginJar : add mdma
2023-11-18 03:16:48,911 [INFO] IPUIPlugin:80 - create IPUIPlugin
2023-11-18 03:16:48,912 [INFO] PluginManager:220 - loadIPPluginJar : add comp
2023-11-18 03:16:48,925 [INFO] IPUIPlugin:80 - create IPUIPlugin
2023-11-18 03:16:48,926 [INFO] PluginManager:220 - loadIPPluginJar : add i2s
2023-11-18 03:16:48,968 [INFO] IPUIPlugin:80 - create IPUIPlugin
2023-11-18 03:16:48,969 [INFO] PluginManager:220 - loadIPPluginJar : add linkedlist
2023-11-18 03:16:48,982 [INFO] IPUIPlugin:80 - create IPUIPlugin
2023-11-18 03:16:48,983 [INFO] PluginManager:220 - loadIPPluginJar : add can
2023-11-18 03:16:48,992 [INFO] IPUIPlugin:80 - create IPUIPlugin
2023-11-18 03:16:48,993 [INFO] PluginManager:220 - loadIPPluginJar : add tim
2023-11-18 03:16:49,003 [INFO] IPUIPlugin:80 - create IPUIPlugin
2023-11-18 03:16:49,004 [INFO] PluginManager:220 - loadIPPluginJar : add ts
2023-11-18 03:16:49,014 [INFO] IPUIPlugin:80 - create IPUIPlugin
2023-11-18 03:16:49,016 [INFO] PluginManager:220 - loadIPPluginJar : add tracer_emb
2023-11-18 03:16:49,028 [INFO] IPUIPlugin:80 - create IPUIPlugin
2023-11-18 03:16:49,029 [INFO] PluginManager:220 - loadIPPluginJar : add spi
2023-11-18 03:16:49,042 [INFO] IPUIPlugin:80 - create IPUIPlugin
2023-11-18 03:16:49,043 [INFO] PluginManager:220 - loadIPPluginJar : add cryp
2023-11-18 03:16:49,051 [INFO] IPUIPlugin:80 - create IPUIPlugin
2023-11-18 03:16:49,052 [INFO] PluginManager:220 - loadIPPluginJar : add tsc
2023-11-18 03:16:49,060 [INFO] IPUIPlugin:80 - create IPUIPlugin
2023-11-18 03:16:49,062 [INFO] PluginManager:220 - loadIPPluginJar : add fatfs
2023-11-18 03:16:49,096 [INFO] IPUIPlugin:80 - create IPUIPlugin
2023-11-18 03:16:49,122 [INFO] PluginManager:220 - loadIPPluginJar : add plateformsettings
2023-11-18 03:16:49,134 [INFO] IPUIPlugin:80 - create IPUIPlugin
2023-11-18 03:16:49,135 [INFO] PluginManager:220 - loadIPPluginJar : add hash
2023-11-18 03:16:49,141 [INFO] IPUIPlugin:80 - create IPUIPlugin
2023-11-18 03:16:49,143 [INFO] PluginManager:220 - loadIPPluginJar : add quadspi
2023-11-18 03:16:49,158 [INFO] IPUIPlugin:80 - create IPUIPlugin
2023-11-18 03:16:49,159 [INFO] PluginManager:220 - loadIPPluginJar : add ipddr
2023-11-18 03:16:49,191 [INFO] IPUIPlugin:80 - create IPUIPlugin
2023-11-18 03:16:49,193 [INFO] PluginManager:220 - loadIPPluginJar : add gic
2023-11-18 03:16:49,209 [INFO] IPUIPlugin:80 - create IPUIPlugin
2023-11-18 03:16:49,210 [INFO] PluginManager:220 - loadIPPluginJar : add i3c
2023-11-18 03:16:49,225 [INFO] IPUIPlugin:80 - create IPUIPlugin
2023-11-18 03:16:49,228 [INFO] PluginManager:220 - loadIPPluginJar : add openamp
2023-11-18 03:16:49,254 [INFO] IPUIPlugin:80 - create IPUIPlugin
2023-11-18 03:16:49,257 [INFO] PluginManager:220 - loadIPPluginJar : add stm32_wpan
2023-11-18 03:16:49,281 [INFO] IPUIPlugin:80 - create IPUIPlugin
2023-11-18 03:16:49,283 [INFO] PluginManager:220 - loadIPPluginJar : add usbx
2023-11-18 03:16:49,303 [INFO] IPUIPlugin:80 - create IPUIPlugin
2023-11-18 03:16:49,304 [INFO] PluginManager:220 - loadIPPluginJar : add dfsdm
2023-11-18 03:16:49,318 [INFO] IPUIPlugin:80 - create IPUIPlugin
2023-11-18 03:16:49,320 [INFO] PluginManager:220 - loadIPPluginJar : add ucpd
2023-11-18 03:16:49,342 [INFO] IPUIPlugin:80 - create IPUIPlugin
2023-11-18 03:16:49,344 [INFO] PluginManager:220 - loadIPPluginJar : add lorawan
2023-11-18 03:16:49,364 [INFO] IPUIPlugin:80 - create IPUIPlugin
2023-11-18 03:16:49,365 [INFO] PluginManager:220 - loadIPPluginJar : add touchsensing
2023-11-18 03:16:49,377 [INFO] IPUIPlugin:80 - create IPUIPlugin
2023-11-18 03:16:49,378 [INFO] ThirdPartyUpdaterWithRetryManager:70 - Updater plugin not ready yet. [2/15]
2023-11-18 03:16:49,379 [INFO] PluginManager:220 - loadIPPluginJar : add dma3
2023-11-18 03:16:49,403 [INFO] IPUIPlugin:80 - create IPUIPlugin
2023-11-18 03:16:49,405 [INFO] PluginManager:220 - loadIPPluginJar : add sai
2023-11-18 03:16:49,438 [INFO] IPUIPlugin:80 - create IPUIPlugin
2023-11-18 03:16:49,440 [INFO] PluginManager:220 - loadIPPluginJar : add freertos
2023-11-18 03:16:49,457 [INFO] IPUIPlugin:80 - create IPUIPlugin
2023-11-18 03:16:49,459 [INFO] PluginManager:220 - loadIPPluginJar : add opamp
2023-11-18 03:16:49,487 [INFO] IPUIPlugin:80 - create IPUIPlugin
2023-11-18 03:16:49,489 [INFO] PluginManager:220 - loadIPPluginJar : add fmc
2023-11-18 03:16:49,496 [INFO] IPUIPlugin:80 - create IPUIPlugin
2023-11-18 03:16:49,497 [INFO] PluginManager:220 - loadIPPluginJar : add ltdc
2023-11-18 03:16:49,532 [INFO] IPUIPlugin:80 - create IPUIPlugin
2023-11-18 03:16:49,534 [INFO] PluginManager:220 - loadIPPluginJar : add dma
2023-11-18 03:16:49,547 [INFO] IPUIPlugin:80 - create IPUIPlugin
2023-11-18 03:16:49,548 [INFO] PluginManager:220 - loadIPPluginJar : add aes
2023-11-18 03:16:49,572 [INFO] IPUIPlugin:80 - create IPUIPlugin
2023-11-18 03:16:49,574 [INFO] PluginManager:220 - loadIPPluginJar : add gpio
2023-11-18 03:16:49,588 [INFO] IPUIPlugin:80 - create IPUIPlugin
2023-11-18 03:16:49,589 [INFO] PluginManager:220 - loadIPPluginJar : add gtzc
2023-11-18 03:16:49,605 [INFO] IPUIPlugin:80 - create IPUIPlugin
2023-11-18 03:16:49,606 [INFO] PluginManager:220 - loadIPPluginJar : add pdm2pcm
2023-11-18 03:16:49,617 [INFO] IPUIPlugin:80 - create IPUIPlugin
2023-11-18 03:16:49,618 [INFO] PluginManager:220 - loadIPPluginJar : add genericplugin
2023-11-18 03:16:49,651 [INFO] IPUIPlugin:80 - create IPUIPlugin
2023-11-18 03:16:49,652 [INFO] PluginManager:220 - loadIPPluginJar : add adc
2023-11-18 03:16:49,990 [INFO] CADModel:165 - CPN selected for project level
2023-11-18 03:16:49,992 [INFO] CADModel:114 - Register for checkConnection events
2023-11-18 03:16:49,994 [FATAL] Updater:308 - Updater called before beeing initialized
2023-11-18 03:16:49,997 [ERROR] CADModel:125 - Updater not yet initialized, retry later 
2023-11-18 03:16:50,824 [INFO] CADModel:165 - CPN selected for project level
2023-11-18 03:16:50,825 [INFO] CADModel:114 - Register for checkConnection events
2023-11-18 03:16:50,826 [FATAL] Updater:308 - Updater called before beeing initialized
2023-11-18 03:16:50,827 [ERROR] CADModel:125 - Updater not yet initialized, retry later 
2023-11-18 03:16:50,850 [FATAL] Updater:308 - Updater called before beeing initialized
2023-11-18 03:16:51,535 [FATAL] Updater:308 - Updater called before beeing initialized
2023-11-18 03:16:51,576 [INFO] DbMcusAds:53 - JSON generation date=Tue Mar 07 14:20:55 IST 2023 (1678179055114)
2023-11-18 03:16:51,578 [FATAL] Updater:308 - Updater called before beeing initialized
2023-11-18 03:16:51,868 [WARN] DetailPanel:346 - Failed to get advertising image, set to default
2023-11-18 03:16:52,380 [INFO] ThirdPartyUpdaterWithRetryManager:70 - Updater plugin not ready yet. [3/15]
2023-11-18 03:16:52,879 [FATAL] Updater:308 - Updater called before beeing initialized
2023-11-18 03:16:52,890 [FATAL] Updater:308 - Updater called before beeing initialized
2023-11-18 03:16:52,891 [FATAL] Updater:308 - Updater called before beeing initialized
2023-11-18 03:16:52,892 [WARN] DetailPanel:346 - Failed to get advertising image, set to default
2023-11-18 03:16:52,899 [FATAL] Updater:308 - Updater called before beeing initialized
2023-11-18 03:16:53,134 [ERROR] Updater:1120 - MainUpdater not yet initialized. External WinMGr cannot be set.
2023-11-18 03:16:53,143 [INFO] Updater:1056 - Updater Version found : 6.9.2
2023-11-18 03:16:53,236 [INFO] ApplicationProperties:184 - Using Application install path: /opt/st/stm32cubeide_1.13.2/plugins/com.st.stm32cube.common.mx_6.9.2.202309101412
2023-11-18 03:16:53,886 [INFO] MainUpdater:2868 - connection check result : 10
2023-11-18 03:16:53,891 [INFO] MainUpdater:285 - Updater Check For Update Now.
2023-11-18 03:16:53,892 [INFO] MicroXplorer:498 - Change Database Version : DB.6.0.92
2023-11-18 03:16:53,922 [INFO] McuFinderGlobals:63 - Set McuFinder mode to 2 (CubeIDE integrated)
2023-11-18 03:16:53,924 [INFO] UserAuth:179 - activating auth plugin
2023-11-18 03:16:53,943 [INFO] UserAuth:393 - Internet connection configuration mode: 1
2023-11-18 03:16:54,021 [INFO] JxBrowserEngine:151 - Initiate JxBrowser Engine with user profile folder
2023-11-18 03:16:54,869 [INFO] CheckServerUpdateThread:120 - End of CheckServer Thread
2023-11-18 03:16:56,739 [WARN] PackLoader:240 - Cannot read IP mode file for STMicroelectronics.X-CUBE-SMBUS.2.1.0
2023-11-18 03:16:57,246 [WARN] PackLoader:240 - Cannot read IP mode file for STMicroelectronics.X-CUBE-AZRTOS-F7.1.1.0
2023-11-18 03:16:57,426 [WARN] PackLoader:240 - Cannot read IP mode file for STMicroelectronics.FP-SNS-MOTENV1.4.3.2
2023-11-18 03:16:57,496 [WARN] PackLoader:240 - Cannot read IP mode file for STMicroelectronics.FP-SNS-FLIGHT1.5.0.2
2023-11-18 03:16:57,592 [WARN] PackLoader:240 - Cannot read IP mode file for STMicroelectronics.X-CUBE-DISPLAY.3.0.0
2023-11-18 03:16:57,724 [WARN] PackLoader:240 - Cannot read IP mode file for STMicroelectronics.X-CUBE-BLE1.7.0.0
2023-11-18 03:16:57,773 [WARN] PackLoader:240 - Cannot read IP mode file for emotas.I-CUBE-CANOPEN.1.3.0
2023-11-18 03:16:57,800 [WARN] PackLoader:240 - Cannot read IP mode file for STMicroelectronics.X-CUBE-TOUCHGFX.4.22.1
2023-11-18 03:16:57,841 [WARN] PackLoader:240 - Cannot read IP mode file for STMicroelectronics.FP-SNS-SMARTAG2.1.2.0
2023-11-18 03:16:57,991 [INFO] LogOutputStream:77 - [STDOUT_REDIRECT] 1 : Invalid condition id : UX_CORESTACK_Condition cause : null
2023-11-18 03:16:57,997 [INFO] LogOutputStream:77 - [STDOUT_REDIRECT] 1 : Invalid condition id : UX_CORESTACK_Condition cause : null
2023-11-18 03:16:58,000 [INFO] LogOutputStream:77 - [STDOUT_REDIRECT] 1 : Invalid condition id : UX_CORESTACK_Condition cause : null
2023-11-18 03:16:58,004 [INFO] LogOutputStream:77 - [STDOUT_REDIRECT] 1 : Invalid condition id : UX_CORESTACK_Condition cause : null
2023-11-18 03:16:58,007 [INFO] LogOutputStream:77 - [STDOUT_REDIRECT] 1 : Invalid condition id : UX_CORESTACK_Condition cause : null
2023-11-18 03:16:58,082 [WARN] PackLoader:240 - Cannot read IP mode file for STMicroelectronics.X-CUBE-AZRTOS-WL.2.0.0
2023-11-18 03:16:58,166 [WARN] PackLoader:240 - Cannot read IP mode file for WES.I-CUBE-Cesium.1.3.0
2023-11-18 03:16:58,214 [WARN] PackLoader:240 - Cannot read IP mode file for STMicroelectronics.X-CUBE-BLE2.3.3.0
2023-11-18 03:16:58,327 [WARN] PackLoader:240 - Cannot read IP mode file for STMicroelectronics.X-CUBE-ALGOBUILD.1.3.0
2023-11-18 03:16:58,769 [WARN] PackLoader:240 - Cannot read IP mode file for STMicroelectronics.X-CUBE-AZRTOS-G0.1.1.0
2023-11-18 03:16:58,928 [WARN] PackLoader:240 - Cannot read IP mode file for STMicroelectronics.X-CUBE-NFC4.3.0.0
2023-11-18 03:16:59,089 [WARN] PackLoader:240 - Cannot read IP mode file for STMicroelectronics.X-CUBE-BLEMGR.3.0.0
2023-11-18 03:16:59,148 [WARN] PackLoader:240 - Cannot read IP mode file for STMicroelectronics.FP-ATR-SIGFOX1.3.2.0
2023-11-18 03:16:59,728 [WARN] PackLoader:240 - Cannot read IP mode file for SEGGER.I-CUBE-embOS.1.3.1
2023-11-18 03:16:59,847 [INFO] WebApp:157 - Instantiating new browser for Auth
2023-11-18 03:17:00,376 [WARN] PackLoader:240 - Cannot read IP mode file for STMicroelectronics.X-CUBE-GNSS1.6.0.0
2023-11-18 03:17:00,666 [WARN] PackLoader:240 - Cannot read IP mode file for STMicroelectronics.X-CUBE-AZRTOS-F4.1.1.0
2023-11-18 03:17:00,725 [WARN] PackLoader:240 - Cannot read IP mode file for wolfSSL.I-CUBE-wolfSSL.5.6.3
2023-11-18 03:17:00,943 [WARN] PackLoader:240 - Cannot read IP mode file for STMicroelectronics.X-CUBE-AZRTOS-L5.2.0.0
2023-11-18 03:17:01,542 [WARN] PackLoader:240 - Cannot read IP mode file for STMicroelectronics.X-CUBE-MEMS1.9.6.0
2023-11-18 03:17:03,797 [WARN] PackLoader:240 - Cannot read IP mode file for STMicroelectronics.X-CUBE-EEPRMA1.4.2.0
2023-11-18 03:17:03,848 [WARN] PackLoader:240 - Cannot read IP mode file for ITTIA_DB.I-CUBE-ITTIADB.8.8.0
2023-11-18 03:17:03,959 [WARN] PackLoader:240 - Cannot read IP mode file for STMicroelectronics.X-CUBE-BLEMGR.2.0.0
2023-11-18 03:17:04,329 [INFO] WebApp:753 - Register for checkConnection events
2023-11-18 03:17:04,330 [INFO] WebApp:390 - Apply proxy settings
2023-11-18 03:17:04,332 [INFO] WebApp:475 - Chromium requires no authentication
2023-11-18 03:17:04,349 [WARN] ConditionMgr:438 - getConditionDescription Invalid condition id : UX DEVICE CLASS RTOS Condition cause : null
2023-11-18 03:17:04,355 [WARN] ConditionMgr:438 - getConditionDescription Invalid condition id : UX DEVICE CLASS RTOS Condition cause : null
2023-11-18 03:17:04,397 [INFO] WebApp:418 - Direct internet connection detected
2023-11-18 03:17:04,435 [WARN] PackLoader:240 - Cannot read IP mode file for STMicroelectronics.X-CUBE-AZRTOS-H7.3.1.0
2023-11-18 03:17:04,452 [WARN] ConditionMgr:1039 - genDependencies : Invalid condition id : UX DEVICE CLASS RTOS Condition cause : null
2023-11-18 03:17:04,454 [WARN] ConditionMgr:1039 - genDependencies : Invalid condition id : UX DEVICE CLASS RTOS Condition cause : null
2023-11-18 03:17:04,464 [WARN] ConditionMgr:1039 - genDependencies : Invalid condition id : UX DEVICE CLASS RTOS Condition cause : null
2023-11-18 03:17:04,480 [WARN] ConditionMgr:1039 - genDependencies : Invalid condition id : UX DEVICE CLASS RTOS Condition cause : null
2023-11-18 03:17:04,482 [WARN] ConditionMgr:1039 - genDependencies : Invalid condition id : UX DEVICE CLASS RTOS Condition cause : null
2023-11-18 03:17:04,560 [WARN] PackLoader:240 - Cannot read IP mode file for STMicroelectronics.X-CUBE-NFC7.1.0.1
2023-11-18 03:17:04,662 [WARN] PackLoader:240 - Cannot read IP mode file for STMicroelectronics.X-CUBE-NFC6.3.0.0
2023-11-18 03:17:04,827 [WARN] PackLoader:240 - Cannot read IP mode file for STMicroelectronics.X-CUBE-EEPRMA1.4.1.0
2023-11-18 03:17:04,862 [WARN] PackLoader:240 - Cannot read IP mode file for STMicroelectronics.X-CUBE-AI.8.1.0
2023-11-18 03:17:05,046 [WARN] ConditionMgr:438 - getConditionDescription Invalid condition id : LAN8742 Phy interface Condition cause : null
2023-11-18 03:17:05,053 [WARN] PackLoader:240 - Cannot read IP mode file for STMicroelectronics.X-CUBE-AZRTOS-L4.2.0.0
2023-11-18 03:17:05,069 [WARN] ConditionMgr:1039 - genDependencies : Invalid condition id : LAN8742 Phy interface Condition cause : null
2023-11-18 03:17:05,072 [WARN] ConditionMgr:1039 - genDependencies : Invalid condition id : LAN8742 Phy interface Condition cause : null
2023-11-18 03:17:05,079 [WARN] ConditionMgr:1039 - genDependencies : Invalid condition id : LAN8742 Phy interface Condition cause : null
2023-11-18 03:17:05,145 [WARN] PackLoader:240 - Cannot read IP mode file for STMicroelectronics.X-CUBE-SFXS2LP1.4.0.0
2023-11-18 03:17:05,181 [WARN] PackLoader:240 - Cannot read IP mode file for STMicroelectronics.X-CUBE-ISPU.1.1.0
2023-11-18 03:17:05,320 [WARN] ConditionMgr:438 - getConditionDescription Invalid condition id : UX DEVICE CLASS RTOS Condition cause : null
2023-11-18 03:17:05,322 [WARN] ConditionMgr:438 - getConditionDescription Invalid condition id : UX DEVICE CLASS RTOS Condition cause : null
2023-11-18 03:17:05,350 [WARN] PackLoader:240 - Cannot read IP mode file for STMicroelectronics.X-CUBE-AZRTOS-WB.2.0.0
2023-11-18 03:17:05,358 [WARN] ConditionMgr:1039 - genDependencies : Invalid condition id : UX DEVICE CLASS RTOS Condition cause : null
2023-11-18 03:17:05,360 [WARN] ConditionMgr:1039 - genDependencies : Invalid condition id : UX DEVICE CLASS RTOS Condition cause : null
2023-11-18 03:17:05,366 [WARN] ConditionMgr:1039 - genDependencies : Invalid condition id : UX DEVICE CLASS RTOS Condition cause : null
2023-11-18 03:17:05,369 [WARN] ConditionMgr:1039 - genDependencies : Invalid condition id : UX DEVICE CLASS RTOS Condition cause : null
2023-11-18 03:17:05,370 [WARN] ConditionMgr:1039 - genDependencies : Invalid condition id : UX DEVICE CLASS RTOS Condition cause : null
2023-11-18 03:17:05,468 [WARN] PackLoader:240 - Cannot read IP mode file for STMicroelectronics.X-CUBE-SUBG2.5.0.0
2023-11-18 03:17:05,615 [WARN] PackLoader:240 - Cannot read IP mode file for STMicroelectronics.X-CUBE-TOF1.3.3.1
2023-11-18 03:17:05,874 [WARN] PackLoader:240 - Cannot read IP mode file for STMicroelectronics.X-CUBE-AZRTOS-G4.2.0.0
2023-11-18 03:17:06,008 [WARN] PackLoader:240 - Cannot read IP mode file for Infineon.AIROC-Wi-Fi-Bluetooth-STM32.1.5.1
2023-11-18 03:17:06,065 [INFO] WebApp:188 - Starting web application
2023-11-18 03:17:06,066 [INFO] WebApp:520 - Web application path used /opt/st/stm32cubeide_1.13.2/plugins/com.st.stm32cube.common.mx_6.9.2.202309101412/db/plugins/mcufinder/reactClient1/index.html
2023-11-18 03:17:06,072 [WARN] PackLoader:240 - Cannot read IP mode file for STMicroelectronics.FP-SNS-MOTENVWB1.1.3.0
2023-11-18 03:17:07,062 [WARN] PackLoader:240 - Cannot read IP mode file for STMicroelectronics.X-CUBE-MEMS1.10.0.0
2023-11-18 03:17:09,197 [WARN] PackLoader:240 - Cannot read IP mode file for STMicroelectronics.X-CUBE-FREERTOS.1.1.0
2023-11-18 03:17:09,251 [WARN] PackLoader:240 - Cannot read IP mode file for portGmbH.I-Cube-SoM-uGOAL.1.1.0
2023-11-18 03:17:09,298 [WARN] PackLoader:240 - Cannot read IP mode file for STMicroelectronics.X-CUBE-ALS.1.0.1
2023-11-18 03:17:09,343 [WARN] PackLoader:240 - Cannot read IP mode file for STMicroelectronics.FP-ATR-ASTRA1.2.0.0
2023-11-18 03:17:09,363 [INFO] ThirdParty:978 - Integrity check success = true
2023-11-18 03:17:09,364 [INFO] IntegrityCheckThread:100 - exiting critical section [integrity check]
2023-11-18 03:17:09,365 [INFO] IntegrityCheckThread:103 - End integrity checks thread
2023-11-18 03:17:30,121 [ERROR] LogOutputStream:75 - [STDERR_REDIRECT] SLF4J: Failed to load class "org.slf4j.impl.StaticLoggerBinder".
2023-11-18 03:17:30,128 [ERROR] LogOutputStream:75 - [STDERR_REDIRECT] SLF4J: Defaulting to no-operation (NOP) logger implementation
2023-11-18 03:17:30,133 [ERROR] LogOutputStream:75 - [STDERR_REDIRECT] SLF4J: See http://www.slf4j.org/codes.html#StaticLoggerBinder for further details.
2023-11-18 19:35:09,434 [ERROR] ConfigurationRetriever:142 - IOException on connection: Read timed out
2023-11-18 19:37:08,940 [ERROR] ConfigurationRetriever:142 - IOException on connection: Connect timed out
2023-11-18 19:45:41,709 [ERROR] ConfigurationRetriever:142 - IOException on connection: Connect timed out
2023-11-18 19:45:43,782 [ERROR] ConfigurationRetriever:142 - IOException on connection: Read timed out
2023-11-18 19:50:32,472 [ERROR] ConfigurationRetriever:142 - IOException on connection: Read timed out
2023-11-18 21:52:02,617 [ERROR] ConfigurationRetriever:142 - IOException on connection: Read timed out
2023-11-18 21:52:08,372 [ERROR] ConfigurationRetriever:142 - IOException on connection: Read timed out
2023-11-18 21:52:17,324 [ERROR] ConfigurationRetriever:142 - IOException on connection: Read timed out
2023-11-18 21:59:21,907 [ERROR] ConfigurationRetriever:142 - IOException on connection: Connect timed out
2023-11-18 22:01:53,681 [ERROR] AdobePublisher:162 - Exception while opening the connection: java.net.SocketTimeoutException: Read timed out
2023-11-18 22:02:03,536 [ERROR] ConfigurationRetriever:142 - IOException on connection: Read timed out
2023-11-18 22:07:17,541 [ERROR] ConfigurationRetriever:142 - IOException on connection: Read timed out
2023-11-18 22:11:08,528 [ERROR] AdobePublisher:162 - Exception while opening the connection: java.net.SocketTimeoutException: Connect timed out
2023-11-18 22:13:41,026 [ERROR] ConfigurationRetriever:142 - IOException on connection: Read timed out
2023-11-18 22:15:00,251 [ERROR] ConfigurationRetriever:142 - IOException on connection: Read timed out
2023-11-18 22:15:02,269 [ERROR] ConfigurationRetriever:142 - IOException on connection: Read timed out
2023-11-18 22:15:15,556 [ERROR] ConfigurationRetriever:142 - IOException on connection: Read timed out
2023-11-18 22:15:17,571 [ERROR] ConfigurationRetriever:142 - IOException on connection: Connect timed out
2023-11-18 22:17:05,592 [ERROR] ConfigurationRetriever:142 - IOException on connection: Read timed out
2023-11-18 22:17:12,880 [ERROR] AdobePublisher:162 - Exception while opening the connection: java.net.SocketTimeoutException: Connect timed out
2023-11-18 22:17:16,511 [ERROR] AdobePublisher:183 - Exception while getting the server answer: java.net.SocketTimeoutException: Read timed out
2023-11-18 22:20:59,579 [ERROR] ConfigurationRetriever:142 - IOException on connection: Read timed out
2023-11-18 22:21:01,599 [ERROR] ConfigurationRetriever:142 - IOException on connection: Read timed out
2023-11-18 22:49:48,085 [ERROR] ConfigurationRetriever:142 - IOException on connection: Connect timed out
2023-11-18 22:49:52,249 [ERROR] ConfigurationRetriever:142 - IOException on connection: Read timed out
2023-11-18 22:54:00,833 [ERROR] ConfigurationRetriever:142 - IOException on connection: Connect timed out
2023-11-18 22:54:09,585 [ERROR] AdobePublisher:183 - Exception while getting the server answer: java.net.SocketTimeoutException: Read timed out
2023-11-18 22:54:12,693 [ERROR] ConfigurationRetriever:142 - IOException on connection: Connect timed out
2023-11-18 22:54:14,715 [ERROR] ConfigurationRetriever:142 - IOException on connection: Read timed out
2023-11-18 22:54:16,784 [ERROR] ConfigurationRetriever:142 - IOException on connection: Read timed out
2023-11-18 23:33:50,041 [ERROR] ConfigurationRetriever:142 - IOException on connection: Read timed out
2023-11-18 23:43:02,232 [ERROR] AdobePublisher:162 - Exception while opening the connection: java.net.SocketTimeoutException: Connect timed out
2023-11-18 23:43:18,209 [ERROR] AdobePublisher:183 - Exception while getting the server answer: java.net.SocketTimeoutException: Read timed out
